<?xml version="1.0" encoding="UTF-8"?>
<!-- Generated by org.testng.reporters.JUnitReportReporter -->
<testsuite hostname="DESKTOP-QJ4K2MA" failures="0" tests="1" name="pageObjects.LoginWithoutFindby" time="3.035" errors="0" timestamp="2021-11-18T22:58:27 CST" skipped="0">
  <testcase classname="pageObjects.LoginWithoutFindby" name="login" time="3.035"/>
  <system-out/>
</testsuite> <!-- pageObjects.LoginWithoutFindby -->
