<?xml version="1.0" encoding="UTF-8"?>
<!-- Generated by org.testng.reporters.JUnitReportReporter -->
<testsuite hostname="DESKTOP-QJ4K2MA" failures="0" tests="1" name="testCases.LoginTestCase" time="9.589" errors="0" timestamp="2021-11-18T22:46:21 CST" skipped="0">
  <testcase classname="testCases.LoginTestCase" name="loginPage" time="9.589"/>
  <system-out/>
</testsuite> <!-- testCases.LoginTestCase -->
